{"timestamp":"2025-05-04T14:57:33.482148","level":"info","event":"DAG bundles loaded: dags-folder","logger":"airflow.dag_processing.bundles.manager.DagBundlesManager"}
{"timestamp":"2025-05-04T14:57:33.482640","level":"info","event":"Filling up the DagBag from /opt/airflow/dags/extractData.py","logger":"airflow.models.dagbag.DagBag"}
{"timestamp":"2025-05-04T14:57:33.521760","level":"info","event":"Secrets backends loaded for worker","count":1,"backend_classes":["EnvironmentVariablesBackend"],"logger":"supervisor"}
{"timestamp":"2025-05-04T14:57:33.827935","level":"info","event":"Connection Retrieved 'sqlserver'","logger":"airflow.hooks.base"}
{"timestamp":"2025-05-04T14:57:33.904819Z","level":"info","event":"['\\n']","chan":"stdout","logger":"task"}
{"timestamp":"2025-05-04T14:57:33.913406Z","level":"info","event":"⚠️ Ligne ignorée : nombre de colonnes incorrect : 1","chan":"stdout","logger":"task"}
{"timestamp":"2025-05-04T14:57:33.919365Z","level":"info","event":"['\\n']","chan":"stdout","logger":"task"}
{"timestamp":"2025-05-04T14:57:33.931668Z","level":"info","event":"⚠️ Ligne ignorée : nombre de colonnes incorrect : 1","chan":"stdout","logger":"task"}
{"timestamp":"2025-05-04T14:57:33.937426Z","level":"info","event":"['\\n']","chan":"stdout","logger":"task"}
{"timestamp":"2025-05-04T14:57:33.937842Z","level":"info","event":"⚠️ Ligne ignorée : nombre de colonnes incorrect : 1","chan":"stdout","logger":"task"}
{"timestamp":"2025-05-04T14:57:33.945382Z","level":"info","event":"['\\n']","chan":"stdout","logger":"task"}
{"timestamp":"2025-05-04T14:57:33.945852Z","level":"info","event":"⚠️ Ligne ignorée : nombre de colonnes incorrect : 1","chan":"stdout","logger":"task"}
{"timestamp":"2025-05-04T14:57:33.951207Z","level":"info","event":"['\\n']","chan":"stdout","logger":"task"}
{"timestamp":"2025-05-04T14:57:33.951631Z","level":"info","event":"⚠️ Ligne ignorée : nombre de colonnes incorrect : 1","chan":"stdout","logger":"task"}
{"timestamp":"2025-05-04T14:57:33.958237Z","level":"info","event":"['\\n']","chan":"stdout","logger":"task"}
{"timestamp":"2025-05-04T14:57:33.958621Z","level":"info","event":"⚠️ Ligne ignorée : nombre de colonnes incorrect : 1","chan":"stdout","logger":"task"}
{"timestamp":"2025-05-04T14:57:33.963678Z","level":"info","event":"['\\n']","chan":"stdout","logger":"task"}
{"timestamp":"2025-05-04T14:57:33.964025Z","level":"info","event":"⚠️ Ligne ignorée : nombre de colonnes incorrect : 1","chan":"stdout","logger":"task"}
{"timestamp":"2025-05-04T14:57:33.964372Z","level":"info","event":"['EOF']","chan":"stdout","logger":"task"}
{"timestamp":"2025-05-04T14:57:33.964940Z","level":"info","event":"⚠️ Ligne ignorée : nombre de colonnes incorrect : 1","chan":"stdout","logger":"task"}
{"timestamp":"2025-05-04T14:57:33.965468Z","level":"info","event":"['']","chan":"stdout","logger":"task"}
{"timestamp":"2025-05-04T14:57:33.965793Z","level":"info","event":"⚠️ Ligne ignorée : nombre de colonnes incorrect : 1","chan":"stdout","logger":"task"}
{"timestamp":"2025-05-04T14:57:33.965264","level":"info","event":"Done. Returned value was: None","logger":"airflow.task.operators.airflow.providers.standard.operators.python.PythonOperator"}
