{"timestamp":"2025-06-01T13:37:26.729575","level":"info","event":"DAG bundles loaded: dags-folder","logger":"airflow.dag_processing.bundles.manager.DagBundlesManager"}
{"timestamp":"2025-06-01T13:37:26.730257","level":"info","event":"Filling up the DagBag from /opt/airflow/dags/getFile.py","logger":"airflow.models.dagbag.DagBag"}
{"timestamp":"2025-06-01T13:37:27.074066Z","level":"info","event":"File name:  1610106","chan":"stdout","logger":"task"}
{"timestamp":"2025-06-01T13:37:27.074510Z","level":"info","event":"----------------------------------------------------------------------------------------","chan":"stdout","logger":"task"}
{"timestamp":"2025-06-01T13:37:27.152604Z","level":"info","event":"Server : achour_agency","chan":"stdout","logger":"task"}
{"timestamp":"2025-06-01T13:37:27.153064Z","level":"info","event":"----------------------------------------------------------------------------------------","chan":"stdout","logger":"task"}
{"timestamp":"2025-06-01T13:37:27.080611","level":"info","event":"Secrets backends loaded for worker","count":1,"backend_classes":["EnvironmentVariablesBackend"],"logger":"supervisor"}
{"timestamp":"2025-06-01T13:37:27.233458","level":"info","event":"Connection Retrieved 'achour_agency'","logger":"airflow.hooks.base"}
{"timestamp":"2025-06-01T13:37:27.233775","level":"warning","event":"No Host Key Verification. This won't protect against Man-In-The-Middle attacks","logger":"airflow.task.hooks.airflow.providers.sftp.hooks.sftp.SFTPHook"}
{"timestamp":"2025-06-01T13:37:27.237707","level":"info","event":"Connected (version 1.99, client OpenSSH_3.7.1p2)","logger":"paramiko.transport"}
{"timestamp":"2025-06-01T13:37:27.483730","level":"info","event":"Authentication (password) successful!","logger":"paramiko.transport"}
{"timestamp":"2025-06-01T13:37:27.490077","level":"info","event":"[chan 0] Opened sftp connection (server version 3)","logger":"paramiko.transport.sftp"}
{"timestamp":"2025-06-01T13:37:27.498631","level":"info","event":"[chan 0] sftp session closed.","logger":"paramiko.transport.sftp"}
{"timestamp":"2025-06-01T13:37:27.499462","level":"warning","event":"No Host Key Verification. This won't protect against Man-In-The-Middle attacks","logger":"airflow.task.hooks.airflow.providers.sftp.hooks.sftp.SFTPHook"}
{"timestamp":"2025-06-01T13:37:27.502598","level":"info","event":"Connected (version 1.99, client OpenSSH_3.7.1p2)","logger":"paramiko.transport"}
{"timestamp":"2025-06-01T13:37:27.823382","level":"info","event":"Authentication (password) successful!","logger":"paramiko.transport"}
{"timestamp":"2025-06-01T13:37:27.829257","level":"info","event":"[chan 0] Opened sftp connection (server version 3)","logger":"paramiko.transport.sftp"}
{"timestamp":"2025-06-01T13:37:27.836878","level":"info","event":"[chan 0] sftp session closed.","logger":"paramiko.transport.sftp"}
{"timestamp":"2025-06-01T13:37:27.837568","level":"warning","event":"No Host Key Verification. This won't protect against Man-In-The-Middle attacks","logger":"airflow.task.hooks.airflow.providers.sftp.hooks.sftp.SFTPHook"}
{"timestamp":"2025-06-01T13:37:27.841269","level":"info","event":"Connected (version 1.99, client OpenSSH_3.7.1p2)","logger":"paramiko.transport"}
{"timestamp":"2025-06-01T13:37:28.048200","level":"info","event":"Authentication (password) successful!","logger":"paramiko.transport"}
{"timestamp":"2025-06-01T13:37:28.053803","level":"info","event":"[chan 0] Opened sftp connection (server version 3)","logger":"paramiko.transport.sftp"}
{"timestamp":"2025-06-01T13:37:28.441697","level":"info","event":"[chan 0] sftp session closed.","logger":"paramiko.transport.sftp"}
{"timestamp":"2025-06-01T13:37:28.442538","level":"info","event":"Secrets backends loaded for worker","count":1,"backend_classes":["EnvironmentVariablesBackend"],"logger":"supervisor"}
{"timestamp":"2025-06-01T13:37:28.444222Z","level":"info","event":"File not found.","chan":"stdout","logger":"task"}
{"timestamp":"2025-06-01T13:37:28.444583Z","level":"info","event":"----------------------------------------------------------------------------------------","chan":"stdout","logger":"task"}
{"timestamp":"2025-06-01T13:37:28.445663Z","level":"info","event":"Server : beb_ezzouar_agency","chan":"stdout","logger":"task"}
{"timestamp":"2025-06-01T13:37:28.446780Z","level":"info","event":"----------------------------------------------------------------------------------------","chan":"stdout","logger":"task"}
{"timestamp":"2025-06-01T13:37:28.459858Z","level":"info","event":"Cannot connect to beb_ezzouar_agency","chan":"stdout","logger":"task"}
{"timestamp":"2025-06-01T13:37:28.460257Z","level":"info","event":"----------------------------------------------------------------------------------------","chan":"stdout","logger":"task"}
{"timestamp":"2025-06-01T13:37:28.460545Z","level":"info","event":"Server : oran_agency","chan":"stdout","logger":"task"}
{"timestamp":"2025-06-01T13:37:28.460848Z","level":"info","event":"----------------------------------------------------------------------------------------","chan":"stdout","logger":"task"}
{"timestamp":"2025-06-01T13:37:28.459978","level":"info","event":"Secrets backends loaded for worker","count":1,"backend_classes":["EnvironmentVariablesBackend"],"logger":"supervisor"}
{"timestamp":"2025-06-01T13:37:28.469630Z","level":"info","event":"Cannot connect to oran_agency","chan":"stdout","logger":"task"}
{"timestamp":"2025-06-01T13:37:28.470143Z","level":"info","event":"----------------------------------------------------------------------------------------","chan":"stdout","logger":"task"}
{"timestamp":"2025-06-01T13:37:28.470454Z","level":"info","event":"Server : setif_agency","chan":"stdout","logger":"task"}
{"timestamp":"2025-06-01T13:37:28.470698Z","level":"info","event":"----------------------------------------------------------------------------------------","chan":"stdout","logger":"task"}
{"timestamp":"2025-06-01T13:37:28.469744","level":"info","event":"Secrets backends loaded for worker","count":1,"backend_classes":["EnvironmentVariablesBackend"],"logger":"supervisor"}
{"timestamp":"2025-06-01T13:37:28.479474Z","level":"info","event":"Cannot connect to setif_agency","chan":"stdout","logger":"task"}
{"timestamp":"2025-06-01T13:37:28.479838Z","level":"info","event":"----------------------------------------------------------------------------------------","chan":"stdout","logger":"task"}
{"timestamp":"2025-06-01T13:37:28.480084Z","level":"info","event":"Server : constantine_agency","chan":"stdout","logger":"task"}
{"timestamp":"2025-06-01T13:37:28.480305Z","level":"info","event":"----------------------------------------------------------------------------------------","chan":"stdout","logger":"task"}
{"timestamp":"2025-06-01T13:37:28.479612","level":"info","event":"Secrets backends loaded for worker","count":1,"backend_classes":["EnvironmentVariablesBackend"],"logger":"supervisor"}
{"timestamp":"2025-06-01T13:37:28.494367Z","level":"info","event":"Cannot connect to constantine_agency","chan":"stdout","logger":"task"}
{"timestamp":"2025-06-01T13:37:28.494771Z","level":"info","event":"----------------------------------------------------------------------------------------","chan":"stdout","logger":"task"}
{"timestamp":"2025-06-01T13:37:28.495033Z","level":"info","event":"Server : skikda_agency","chan":"stdout","logger":"task"}
{"timestamp":"2025-06-01T13:37:28.495251Z","level":"info","event":"----------------------------------------------------------------------------------------","chan":"stdout","logger":"task"}
{"timestamp":"2025-06-01T13:37:28.494497","level":"info","event":"Secrets backends loaded for worker","count":1,"backend_classes":["EnvironmentVariablesBackend"],"logger":"supervisor"}
{"timestamp":"2025-06-01T13:37:28.507576Z","level":"info","event":"Cannot connect to skikda_agency","chan":"stdout","logger":"task"}
{"timestamp":"2025-06-01T13:37:28.507949Z","level":"info","event":"----------------------------------------------------------------------------------------","chan":"stdout","logger":"task"}
{"timestamp":"2025-06-01T13:37:28.508165","level":"info","event":"Done. Returned value was: None","logger":"airflow.task.operators.airflow.providers.standard.operators.python.PythonOperator"}
