{"timestamp":"2025-06-01T13:41:40.634325","level":"info","event":"DAG bundles loaded: dags-folder","logger":"airflow.dag_processing.bundles.manager.DagBundlesManager"}
{"timestamp":"2025-06-01T13:41:40.634938","level":"info","event":"Filling up the DagBag from /opt/airflow/dags/getFile.py","logger":"airflow.models.dagbag.DagBag"}
{"timestamp":"2025-06-01T13:41:40.795501","level":"info","event":"Secrets backends loaded for worker","count":1,"backend_classes":["EnvironmentVariablesBackend"],"logger":"supervisor"}
{"timestamp":"2025-06-01T13:41:40.803230Z","level":"info","event":"File name:  1610106","chan":"stdout","logger":"task"}
{"timestamp":"2025-06-01T13:41:40.804051Z","level":"info","event":"----------------------------------------------------------------------------------------","chan":"stdout","logger":"task"}
{"timestamp":"2025-06-01T13:41:40.804422Z","level":"info","event":"Server : achour_agency","chan":"stdout","logger":"task"}
{"timestamp":"2025-06-01T13:41:40.804898Z","level":"info","event":"----------------------------------------------------------------------------------------","chan":"stdout","logger":"task"}
{"timestamp":"2025-06-01T13:41:40.967499","level":"info","event":"Connection Retrieved 'achour_agency'","logger":"airflow.hooks.base"}
{"timestamp":"2025-06-01T13:41:40.967820","level":"warning","event":"No Host Key Verification. This won't protect against Man-In-The-Middle attacks","logger":"airflow.task.hooks.airflow.providers.sftp.hooks.sftp.SFTPHook"}
{"timestamp":"2025-06-01T13:41:40.971419","level":"info","event":"Connected (version 1.99, client OpenSSH_3.7.1p2)","logger":"paramiko.transport"}
{"timestamp":"2025-06-01T13:41:41.138310","level":"info","event":"Authentication (password) successful!","logger":"paramiko.transport"}
{"timestamp":"2025-06-01T13:41:41.143946","level":"info","event":"[chan 0] Opened sftp connection (server version 3)","logger":"paramiko.transport.sftp"}
{"timestamp":"2025-06-01T13:41:41.152491","level":"info","event":"[chan 0] sftp session closed.","logger":"paramiko.transport.sftp"}
{"timestamp":"2025-06-01T13:41:41.152933","level":"warning","event":"No Host Key Verification. This won't protect against Man-In-The-Middle attacks","logger":"airflow.task.hooks.airflow.providers.sftp.hooks.sftp.SFTPHook"}
{"timestamp":"2025-06-01T13:41:41.156211","level":"info","event":"Connected (version 1.99, client OpenSSH_3.7.1p2)","logger":"paramiko.transport"}
{"timestamp":"2025-06-01T13:41:41.322121","level":"info","event":"Authentication (password) successful!","logger":"paramiko.transport"}
{"timestamp":"2025-06-01T13:41:41.327416","level":"info","event":"[chan 0] Opened sftp connection (server version 3)","logger":"paramiko.transport.sftp"}
{"timestamp":"2025-06-01T13:41:41.334433","level":"info","event":"[chan 0] sftp session closed.","logger":"paramiko.transport.sftp"}
{"timestamp":"2025-06-01T13:41:41.334908","level":"warning","event":"No Host Key Verification. This won't protect against Man-In-The-Middle attacks","logger":"airflow.task.hooks.airflow.providers.sftp.hooks.sftp.SFTPHook"}
{"timestamp":"2025-06-01T13:41:41.338199","level":"info","event":"Connected (version 1.99, client OpenSSH_3.7.1p2)","logger":"paramiko.transport"}
{"timestamp":"2025-06-01T13:41:41.512359","level":"info","event":"Authentication (password) successful!","logger":"paramiko.transport"}
{"timestamp":"2025-06-01T13:41:41.517414","level":"info","event":"[chan 0] Opened sftp connection (server version 3)","logger":"paramiko.transport.sftp"}
{"timestamp":"2025-06-01T13:41:41.741234","level":"info","event":"[chan 0] sftp session closed.","logger":"paramiko.transport.sftp"}
{"timestamp":"2025-06-01T13:41:41.741827","level":"info","event":"Secrets backends loaded for worker","count":1,"backend_classes":["EnvironmentVariablesBackend"],"logger":"supervisor"}
{"timestamp":"2025-06-01T13:41:41.752743Z","level":"info","event":"File not found1612905SCL","chan":"stdout","logger":"task"}
{"timestamp":"2025-06-01T13:41:41.753385Z","level":"info","event":"----------------------------------------------------------------------------------------","chan":"stdout","logger":"task"}
{"timestamp":"2025-06-01T13:41:41.754047Z","level":"info","event":"Server : beb_ezzouar_agency","chan":"stdout","logger":"task"}
{"timestamp":"2025-06-01T13:41:41.754845Z","level":"info","event":"----------------------------------------------------------------------------------------","chan":"stdout","logger":"task"}
{"timestamp":"2025-06-01T13:41:41.763503Z","level":"info","event":"Cannot connect to beb_ezzouar_agency","chan":"stdout","logger":"task"}
{"timestamp":"2025-06-01T13:41:41.764049Z","level":"info","event":"----------------------------------------------------------------------------------------","chan":"stdout","logger":"task"}
{"timestamp":"2025-06-01T13:41:41.764443Z","level":"info","event":"Server : oran_agency","chan":"stdout","logger":"task"}
{"timestamp":"2025-06-01T13:41:41.888327Z","level":"info","event":"----------------------------------------------------------------------------------------","chan":"stdout","logger":"task"}
{"timestamp":"2025-06-01T13:41:41.763603","level":"info","event":"Secrets backends loaded for worker","count":1,"backend_classes":["EnvironmentVariablesBackend"],"logger":"supervisor"}
{"timestamp":"2025-06-01T13:41:41.896106Z","level":"info","event":"Cannot connect to oran_agency","chan":"stdout","logger":"task"}
{"timestamp":"2025-06-01T13:41:41.896509Z","level":"info","event":"----------------------------------------------------------------------------------------","chan":"stdout","logger":"task"}
{"timestamp":"2025-06-01T13:41:41.896919Z","level":"info","event":"Server : setif_agency","chan":"stdout","logger":"task"}
{"timestamp":"2025-06-01T13:41:41.897693Z","level":"info","event":"----------------------------------------------------------------------------------------","chan":"stdout","logger":"task"}
{"timestamp":"2025-06-01T13:41:41.896231","level":"info","event":"Secrets backends loaded for worker","count":1,"backend_classes":["EnvironmentVariablesBackend"],"logger":"supervisor"}
{"timestamp":"2025-06-01T13:41:41.906622Z","level":"info","event":"Cannot connect to setif_agency","chan":"stdout","logger":"task"}
{"timestamp":"2025-06-01T13:41:41.907095Z","level":"info","event":"----------------------------------------------------------------------------------------","chan":"stdout","logger":"task"}
{"timestamp":"2025-06-01T13:41:41.907467Z","level":"info","event":"Server : constantine_agency","chan":"stdout","logger":"task"}
{"timestamp":"2025-06-01T13:41:42.021547Z","level":"info","event":"----------------------------------------------------------------------------------------","chan":"stdout","logger":"task"}
{"timestamp":"2025-06-01T13:41:41.906733","level":"info","event":"Secrets backends loaded for worker","count":1,"backend_classes":["EnvironmentVariablesBackend"],"logger":"supervisor"}
{"timestamp":"2025-06-01T13:41:42.029520Z","level":"info","event":"Cannot connect to constantine_agency","chan":"stdout","logger":"task"}
{"timestamp":"2025-06-01T13:41:42.030002Z","level":"info","event":"----------------------------------------------------------------------------------------","chan":"stdout","logger":"task"}
{"timestamp":"2025-06-01T13:41:42.030393Z","level":"info","event":"Server : skikda_agency","chan":"stdout","logger":"task"}
{"timestamp":"2025-06-01T13:41:42.031002Z","level":"info","event":"----------------------------------------------------------------------------------------","chan":"stdout","logger":"task"}
{"timestamp":"2025-06-01T13:41:42.029597","level":"info","event":"Secrets backends loaded for worker","count":1,"backend_classes":["EnvironmentVariablesBackend"],"logger":"supervisor"}
{"timestamp":"2025-06-01T13:41:42.039843Z","level":"info","event":"Cannot connect to skikda_agency","chan":"stdout","logger":"task"}
{"timestamp":"2025-06-01T13:41:42.040237Z","level":"info","event":"----------------------------------------------------------------------------------------","chan":"stdout","logger":"task"}
{"timestamp":"2025-06-01T13:41:42.040441","level":"info","event":"Done. Returned value was: None","logger":"airflow.task.operators.airflow.providers.standard.operators.python.PythonOperator"}
