{"timestamp":"2025-05-29T14:33:28.732442","level":"info","event":"DAG bundles loaded: dags-folder","logger":"airflow.dag_processing.bundles.manager.DagBundlesManager"}
{"timestamp":"2025-05-29T14:33:28.733084","level":"info","event":"Filling up the DagBag from /opt/airflow/dags/getFile.py","logger":"airflow.models.dagbag.DagBag"}
{"timestamp":"2025-05-29T14:33:28.912344","level":"info","event":"Secrets backends loaded for worker","count":1,"backend_classes":["EnvironmentVariablesBackend"],"logger":"supervisor"}
{"timestamp":"2025-05-29T14:33:29.043011","level":"info","event":"Connection Retrieved 'achour_agency'","logger":"airflow.hooks.base"}
{"timestamp":"2025-05-29T14:33:29.043336","level":"warning","event":"No Host Key Verification. This won't protect against Man-In-The-Middle attacks","logger":"airflow.task.hooks.airflow.providers.sftp.hooks.sftp.SFTPHook"}
{"timestamp":"2025-05-29T14:33:29.049301","level":"info","event":"Connected (version 1.99, client OpenSSH_3.7.1p2)","logger":"paramiko.transport"}
{"timestamp":"2025-05-29T14:33:29.219364","level":"info","event":"Authentication (password) successful!","logger":"paramiko.transport"}
{"timestamp":"2025-05-29T14:33:29.224129","level":"info","event":"[chan 0] Opened sftp connection (server version 3)","logger":"paramiko.transport.sftp"}
{"timestamp":"2025-05-29T14:33:29.231800","level":"info","event":"[chan 0] sftp session closed.","logger":"paramiko.transport.sftp"}
{"timestamp":"2025-05-29T14:33:29.232225","level":"warning","event":"No Host Key Verification. This won't protect against Man-In-The-Middle attacks","logger":"airflow.task.hooks.airflow.providers.sftp.hooks.sftp.SFTPHook"}
{"timestamp":"2025-05-29T14:33:29.234861","level":"info","event":"Connected (version 1.99, client OpenSSH_3.7.1p2)","logger":"paramiko.transport"}
{"timestamp":"2025-05-29T14:33:29.250167Z","level":"info","event":"Fichiers sur le serveur : ['.io', '.mozilla', '.scoadmin.pref', '.ssh', 'CD-ROM_1', 'Disk_A', 'OpenServer', 'bck', 'bin', 'ccs', 'config', 'core.1011', 'dev', 'etc', 'export', 'home', 'home2', 'home21', 'home22', 'home23', 'home31', 'home32', 'install', 'installr', 'lbin', 'lib', 'lost+found', 'mnt', 'opt', 'pmd', 'print', 'proc', 'save', 'sbin', 'secret', 'share', 'shlib', 'stand', 'system', 'tmp', 'u95', 'unix', 'usr', 'var']","chan":"stdout","logger":"task"}
{"timestamp":"2025-05-29T14:33:29.416877","level":"info","event":"Authentication (password) successful!","logger":"paramiko.transport"}
{"timestamp":"2025-05-29T14:33:29.432835","level":"info","event":"[chan 0] Opened sftp connection (server version 3)","logger":"paramiko.transport.sftp"}
{"timestamp":"2025-05-29T14:33:29.443298","level":"info","event":"[chan 0] sftp session closed.","logger":"paramiko.transport.sftp"}
{"timestamp":"2025-05-29T14:33:29.443692","level":"warning","event":"No Host Key Verification. This won't protect against Man-In-The-Middle attacks","logger":"airflow.task.hooks.airflow.providers.sftp.hooks.sftp.SFTPHook"}
{"timestamp":"2025-05-29T14:33:29.446580","level":"info","event":"Connected (version 1.99, client OpenSSH_3.7.1p2)","logger":"paramiko.transport"}
{"timestamp":"2025-05-29T14:33:29.618920","level":"info","event":"Authentication (password) successful!","logger":"paramiko.transport"}
{"timestamp":"2025-05-29T14:33:29.623942","level":"info","event":"[chan 0] Opened sftp connection (server version 3)","logger":"paramiko.transport.sftp"}
{"timestamp":"2025-05-29T14:33:29.625369","level":"info","event":"[chan 0] sftp session closed.","logger":"paramiko.transport.sftp"}
{"timestamp":"2025-05-29T14:33:29.625702","level":"error","event":"Task failed with exception","logger":"task","error_detail":[{"exc_type":"FileNotFoundError","exc_value":"[Errno 2] No such file","exc_notes":[],"syntax_error":null,"is_cause":false,"frames":[{"filename":"/home/airflow/.local/lib/python3.12/site-packages/airflow/sdk/execution_time/task_runner.py","lineno":825,"name":"run"},{"filename":"/home/airflow/.local/lib/python3.12/site-packages/airflow/sdk/execution_time/task_runner.py","lineno":1088,"name":"_execute_task"},{"filename":"/home/airflow/.local/lib/python3.12/site-packages/airflow/sdk/bases/operator.py","lineno":408,"name":"wrapper"},{"filename":"/home/airflow/.local/lib/python3.12/site-packages/airflow/providers/standard/operators/python.py","lineno":212,"name":"execute"},{"filename":"/home/airflow/.local/lib/python3.12/site-packages/airflow/providers/standard/operators/python.py","lineno":235,"name":"execute_callable"},{"filename":"/home/airflow/.local/lib/python3.12/site-packages/airflow/sdk/execution_time/callback_runner.py","lineno":81,"name":"run"},{"filename":"/opt/airflow/dags/getFile.py","lineno":28,"name":"list_ftp_files"},{"filename":"/home/airflow/.local/lib/python3.12/site-packages/airflow/providers/sftp/hooks/sftp.py","lineno":184,"name":"list_directory"},{"filename":"/home/airflow/.local/lib/python3.12/site-packages/paramiko/sftp_client.py","lineno":218,"name":"listdir"},{"filename":"/home/airflow/.local/lib/python3.12/site-packages/paramiko/sftp_client.py","lineno":239,"name":"listdir_attr"},{"filename":"/home/airflow/.local/lib/python3.12/site-packages/paramiko/sftp_client.py","lineno":857,"name":"_request"},{"filename":"/home/airflow/.local/lib/python3.12/site-packages/paramiko/sftp_client.py","lineno":909,"name":"_read_response"},{"filename":"/home/airflow/.local/lib/python3.12/site-packages/paramiko/sftp_client.py","lineno":938,"name":"_convert_status"}]}]}
