{"timestamp":"2025-05-04T15:02:39.865511","level":"info","event":"DAG bundles loaded: dags-folder","logger":"airflow.dag_processing.bundles.manager.DagBundlesManager"}
{"timestamp":"2025-05-04T15:02:39.866027","level":"info","event":"Filling up the DagBag from /opt/airflow/dags/extractData.py","logger":"airflow.models.dagbag.DagBag"}
{"timestamp":"2025-05-04T15:02:39.906975","level":"info","event":"Secrets backends loaded for worker","count":1,"backend_classes":["EnvironmentVariablesBackend"],"logger":"supervisor"}
{"timestamp":"2025-05-04T15:02:40.149105","level":"info","event":"Connection Retrieved 'sqlserver'","logger":"airflow.hooks.base"}
{"timestamp":"2025-05-04T15:02:40.189078Z","level":"info","event":"","chan":"stdout","logger":"task"}
{"timestamp":"2025-05-04T15:02:40.190049Z","level":"info","event":"","chan":"stdout","logger":"task"}
{"timestamp":"2025-05-04T15:02:40.190522Z","level":"info","event":"['\\n']","chan":"stdout","logger":"task"}
{"timestamp":"2025-05-04T15:02:40.191050Z","level":"info","event":"⚠️ Ligne ignorée : nombre de colonnes incorrect : 1","chan":"stdout","logger":"task"}
{"timestamp":"2025-05-04T15:02:40.191585Z","level":"info","event":"161|000003|FATIHA                                            |YOUCEFI                                           |13/03/1993|0|10980|N|2|1|012|35|001|ZOUBIR                                            |RACHIDA                                           |MATSKI                                            |1|                                                  |001|000000000000200000|35 RUE DE LA LUMIERE                              BOUMERDES                                         |16|001|002|23554135            |012|APC BOUMERDES                                                                                                                                                                                           |14/01/2025|                    |01200223554135            |12350011098013031993","chan":"stdout","logger":"task"}
{"timestamp":"2025-05-04T15:02:40.191974Z","level":"info","event":"","chan":"stdout","logger":"task"}
{"timestamp":"2025-05-04T15:02:40.214528Z","level":"info","event":"","chan":"stdout","logger":"task"}
{"timestamp":"2025-05-04T15:02:40.217004Z","level":"info","event":"","chan":"stdout","logger":"task"}
{"timestamp":"2025-05-04T15:02:40.218073Z","level":"info","event":"['\\n']","chan":"stdout","logger":"task"}
{"timestamp":"2025-05-04T15:02:40.219532Z","level":"info","event":"⚠️ Ligne ignorée : nombre de colonnes incorrect : 1","chan":"stdout","logger":"task"}
{"timestamp":"2025-05-04T15:02:40.220628Z","level":"info","event":"161|000004|AHMED                                             |ABDERRACHID                                       |16/08/1979|0|10980|N|1|1|012|30|004|SID AHMED                                         |BEDRI                                             |SAADIA                                            |2|                                                  |121|000000000000180000|12 RUE LIBERTE CENTRE VILLE                       HASSI MESSAOUD                                    |30|013|002|1655131             |012|APC HASSI MESSAOUD                                                                                                                                                                                      |21/01/2026|                    |0120021655131             |11300041098016081979","chan":"stdout","logger":"task"}
{"timestamp":"2025-05-04T15:02:40.221472Z","level":"info","event":"","chan":"stdout","logger":"task"}
{"timestamp":"2025-05-04T15:02:40.226784Z","level":"info","event":"","chan":"stdout","logger":"task"}
{"timestamp":"2025-05-04T15:02:40.227485Z","level":"info","event":"","chan":"stdout","logger":"task"}
{"timestamp":"2025-05-04T15:02:40.228131Z","level":"info","event":"['\\n']","chan":"stdout","logger":"task"}
{"timestamp":"2025-05-04T15:02:40.229111Z","level":"info","event":"⚠️ Ligne ignorée : nombre de colonnes incorrect : 1","chan":"stdout","logger":"task"}
{"timestamp":"2025-05-04T15:02:40.229791Z","level":"info","event":"161|000005|ASMA                                              |BEN SLAMNA                                        |26/03/1996|0|10980|N|2|1|012|12|004|BOUALEM                                           |SAIDA                                             |SLIMI                                             |1|                                                  |316|000000000000150000|16 CITE ENNOUR BT 05                              TEBESSA                                           |12|026|002|1                   |012|APC TEBESSA                                                                                                                                                                                             |12/07/2026|                    |0120021                   |12120041098026031996","chan":"stdout","logger":"task"}
{"timestamp":"2025-05-04T15:02:40.230421Z","level":"info","event":"","chan":"stdout","logger":"task"}
{"timestamp":"2025-05-04T15:02:40.237125Z","level":"info","event":"","chan":"stdout","logger":"task"}
{"timestamp":"2025-05-04T15:02:40.237576Z","level":"info","event":"","chan":"stdout","logger":"task"}
{"timestamp":"2025-05-04T15:02:40.238090Z","level":"info","event":"['\\n']","chan":"stdout","logger":"task"}
{"timestamp":"2025-05-04T15:02:40.239132Z","level":"info","event":"⚠️ Ligne ignorée : nombre de colonnes incorrect : 1","chan":"stdout","logger":"task"}
{"timestamp":"2025-05-04T15:02:40.239723Z","level":"info","event":"161|000006|KARIM                                             |SEBTI                                             |06/12/1970|0|10980|N|1|1|012|31|016|BOUDJEMAA                                         |ZOHRA                                             |BENDADA                                           |1|                                                  |711|000000000000150000|13 RUE DES OLIVIERS AIN TURK                      ORAN                                              |31|009|002|6133431             |012|APC AIN TURK                                                                                                                                                                                            |17/05/2029|                    |0120026133431             |11310161098006121970","chan":"stdout","logger":"task"}
{"timestamp":"2025-05-04T15:02:40.240214Z","level":"info","event":"","chan":"stdout","logger":"task"}
{"timestamp":"2025-05-04T15:02:40.250593Z","level":"info","event":"","chan":"stdout","logger":"task"}
{"timestamp":"2025-05-04T15:02:40.251084Z","level":"info","event":"","chan":"stdout","logger":"task"}
{"timestamp":"2025-05-04T15:02:40.251449Z","level":"info","event":"['\\n']","chan":"stdout","logger":"task"}
{"timestamp":"2025-05-04T15:02:40.252203Z","level":"info","event":"⚠️ Ligne ignorée : nombre de colonnes incorrect : 1","chan":"stdout","logger":"task"}
{"timestamp":"2025-05-04T15:02:40.252523Z","level":"info","event":"161|000010|HAMLAOUI                                          |INES                                              |22/05/1988|0|00719|N|2|1|012|16|001|REDA                                              |MAMA                                              |MAMA                                              |1|                                                  |121|000000000000250000|RUE HASSIBA BEN BOUALI                                                                              |16|013|002|111111              |012|ALGER                                                                                                                                                                                                   |14/01/2025|                    |012002111111              |12160010071922051988","chan":"stdout","logger":"task"}
{"timestamp":"2025-05-04T15:02:40.252880Z","level":"info","event":"","chan":"stdout","logger":"task"}
{"timestamp":"2025-05-04T15:02:40.257224Z","level":"info","event":"","chan":"stdout","logger":"task"}
{"timestamp":"2025-05-04T15:02:40.257680Z","level":"info","event":"","chan":"stdout","logger":"task"}
{"timestamp":"2025-05-04T15:02:40.258047Z","level":"info","event":"['\\n']","chan":"stdout","logger":"task"}
{"timestamp":"2025-05-04T15:02:40.258374Z","level":"info","event":"⚠️ Ligne ignorée : nombre de colonnes incorrect : 1","chan":"stdout","logger":"task"}
{"timestamp":"2025-05-04T15:02:40.258994Z","level":"info","event":"161|000030|NOUFEL                                            |SOULEYMANI                                        |09/09/1991|0|12864|N|1|1|012|25|001|ABDELKADER                                        |DJAMILA                                           |TAHRI                                             |1|                                                  |213|000000000000153000|25 RUE ABDELHAMID BEN BADIS                       NOUVELLE VILLE                                    |25|001|002|101513800           |012|CONSTANTINE                                                                                                                                                                                             |25/10/2026|                    |012002101513800           |11250011286409091991","chan":"stdout","logger":"task"}
{"timestamp":"2025-05-04T15:02:40.259292Z","level":"info","event":"","chan":"stdout","logger":"task"}
{"timestamp":"2025-05-04T15:02:40.275090Z","level":"info","event":"","chan":"stdout","logger":"task"}
{"timestamp":"2025-05-04T15:02:40.275601Z","level":"info","event":"","chan":"stdout","logger":"task"}
{"timestamp":"2025-05-04T15:02:40.275993Z","level":"info","event":"['\\n']","chan":"stdout","logger":"task"}
{"timestamp":"2025-05-04T15:02:40.276473Z","level":"info","event":"⚠️ Ligne ignorée : nombre de colonnes incorrect : 1","chan":"stdout","logger":"task"}
{"timestamp":"2025-05-04T15:02:40.276878Z","level":"info","event":"EOF","chan":"stdout","logger":"task"}
{"timestamp":"2025-05-04T15:02:40.277196Z","level":"info","event":"['EOF']","chan":"stdout","logger":"task"}
{"timestamp":"2025-05-04T15:02:40.277456Z","level":"info","event":"⚠️ Ligne ignorée : nombre de colonnes incorrect : 1","chan":"stdout","logger":"task"}
{"timestamp":"2025-05-04T15:02:40.278864Z","level":"info","event":"","chan":"stdout","logger":"task"}
{"timestamp":"2025-05-04T15:02:40.279277Z","level":"info","event":"['']","chan":"stdout","logger":"task"}
{"timestamp":"2025-05-04T15:02:40.279605Z","level":"info","event":"⚠️ Ligne ignorée : nombre de colonnes incorrect : 1","chan":"stdout","logger":"task"}
{"timestamp":"2025-05-04T15:02:40.277127","level":"info","event":"Done. Returned value was: None","logger":"airflow.task.operators.airflow.providers.standard.operators.python.PythonOperator"}
