{"timestamp":"2025-06-01T13:49:37.363952","level":"info","event":"DAG bundles loaded: dags-folder","logger":"airflow.dag_processing.bundles.manager.DagBundlesManager"}
{"timestamp":"2025-06-01T13:49:37.364732","level":"info","event":"Filling up the DagBag from /opt/airflow/dags/getFile.py","logger":"airflow.models.dagbag.DagBag"}
{"timestamp":"2025-06-01T13:49:37.531723Z","level":"info","event":"File name:  1610106","chan":"stdout","logger":"task"}
{"timestamp":"2025-06-01T13:49:37.532132Z","level":"info","event":"----------------------------------------------------------------------------------------","chan":"stdout","logger":"task"}
{"timestamp":"2025-06-01T13:49:37.602794Z","level":"info","event":"Server : achour_agency","chan":"stdout","logger":"task"}
{"timestamp":"2025-06-01T13:49:37.603221Z","level":"info","event":"----------------------------------------------------------------------------------------","chan":"stdout","logger":"task"}
{"timestamp":"2025-06-01T13:49:37.537941","level":"info","event":"Secrets backends loaded for worker","count":1,"backend_classes":["EnvironmentVariablesBackend"],"logger":"supervisor"}
{"timestamp":"2025-06-01T13:49:37.603028","level":"info","event":"Connection Retrieved 'achour_agency'","logger":"airflow.hooks.base"}
{"timestamp":"2025-06-01T13:49:37.603322","level":"warning","event":"No Host Key Verification. This won't protect against Man-In-The-Middle attacks","logger":"airflow.task.hooks.airflow.providers.sftp.hooks.sftp.SFTPHook"}
{"timestamp":"2025-06-01T13:49:37.608033","level":"info","event":"Connected (version 1.99, client OpenSSH_3.7.1p2)","logger":"paramiko.transport"}
{"timestamp":"2025-06-01T13:49:37.773108","level":"info","event":"Authentication (password) successful!","logger":"paramiko.transport"}
{"timestamp":"2025-06-01T13:49:37.778865","level":"info","event":"[chan 0] Opened sftp connection (server version 3)","logger":"paramiko.transport.sftp"}
{"timestamp":"2025-06-01T13:49:37.785409","level":"info","event":"[chan 0] sftp session closed.","logger":"paramiko.transport.sftp"}
{"timestamp":"2025-06-01T13:49:37.786059","level":"warning","event":"No Host Key Verification. This won't protect against Man-In-The-Middle attacks","logger":"airflow.task.hooks.airflow.providers.sftp.hooks.sftp.SFTPHook"}
{"timestamp":"2025-06-01T13:49:37.788803","level":"info","event":"Connected (version 1.99, client OpenSSH_3.7.1p2)","logger":"paramiko.transport"}
{"timestamp":"2025-06-01T13:49:37.955177","level":"info","event":"Authentication (password) successful!","logger":"paramiko.transport"}
{"timestamp":"2025-06-01T13:49:37.960277","level":"info","event":"[chan 0] Opened sftp connection (server version 3)","logger":"paramiko.transport.sftp"}
{"timestamp":"2025-06-01T13:49:37.965793","level":"info","event":"[chan 0] sftp session closed.","logger":"paramiko.transport.sftp"}
{"timestamp":"2025-06-01T13:49:37.966220","level":"warning","event":"No Host Key Verification. This won't protect against Man-In-The-Middle attacks","logger":"airflow.task.hooks.airflow.providers.sftp.hooks.sftp.SFTPHook"}
{"timestamp":"2025-06-01T13:49:37.968840","level":"info","event":"Connected (version 1.99, client OpenSSH_3.7.1p2)","logger":"paramiko.transport"}
{"timestamp":"2025-06-01T13:49:38.131520","level":"info","event":"Authentication (password) successful!","logger":"paramiko.transport"}
{"timestamp":"2025-06-01T13:49:38.136250","level":"info","event":"[chan 0] Opened sftp connection (server version 3)","logger":"paramiko.transport.sftp"}
{"timestamp":"2025-06-01T13:49:38.347109","level":"info","event":"[chan 0] sftp session closed.","logger":"paramiko.transport.sftp"}
{"timestamp":"2025-06-01T13:49:38.347632","level":"info","event":"Secrets backends loaded for worker","count":1,"backend_classes":["EnvironmentVariablesBackend"],"logger":"supervisor"}
{"timestamp":"2025-06-01T13:49:38.348167Z","level":"info","event":"File not found 1612805SCL","chan":"stdout","logger":"task"}
{"timestamp":"2025-06-01T13:49:38.365724Z","level":"info","event":"----------------------------------------------------------------------------------------","chan":"stdout","logger":"task"}
{"timestamp":"2025-06-01T13:49:38.375259Z","level":"info","event":"Server : beb_ezzouar_agency","chan":"stdout","logger":"task"}
{"timestamp":"2025-06-01T13:49:38.387531Z","level":"info","event":"----------------------------------------------------------------------------------------","chan":"stdout","logger":"task"}
{"timestamp":"2025-06-01T13:49:38.399095Z","level":"info","event":"Cannot connect to beb_ezzouar_agency","chan":"stdout","logger":"task"}
{"timestamp":"2025-06-01T13:49:38.399732Z","level":"info","event":"----------------------------------------------------------------------------------------","chan":"stdout","logger":"task"}
{"timestamp":"2025-06-01T13:49:38.400356Z","level":"info","event":"Server : oran_agency","chan":"stdout","logger":"task"}
{"timestamp":"2025-06-01T13:49:38.401350Z","level":"info","event":"----------------------------------------------------------------------------------------","chan":"stdout","logger":"task"}
{"timestamp":"2025-06-01T13:49:38.399212","level":"info","event":"Secrets backends loaded for worker","count":1,"backend_classes":["EnvironmentVariablesBackend"],"logger":"supervisor"}
{"timestamp":"2025-06-01T13:49:38.423134Z","level":"info","event":"Cannot connect to oran_agency","chan":"stdout","logger":"task"}
{"timestamp":"2025-06-01T13:49:38.424130Z","level":"info","event":"----------------------------------------------------------------------------------------","chan":"stdout","logger":"task"}
{"timestamp":"2025-06-01T13:49:38.424764Z","level":"info","event":"Server : setif_agency","chan":"stdout","logger":"task"}
{"timestamp":"2025-06-01T13:49:38.428148Z","level":"info","event":"----------------------------------------------------------------------------------------","chan":"stdout","logger":"task"}
{"timestamp":"2025-06-01T13:49:38.423379","level":"info","event":"Secrets backends loaded for worker","count":1,"backend_classes":["EnvironmentVariablesBackend"],"logger":"supervisor"}
{"timestamp":"2025-06-01T13:49:38.439213Z","level":"info","event":"Cannot connect to setif_agency","chan":"stdout","logger":"task"}
{"timestamp":"2025-06-01T13:49:38.439750Z","level":"info","event":"----------------------------------------------------------------------------------------","chan":"stdout","logger":"task"}
{"timestamp":"2025-06-01T13:49:38.440227Z","level":"info","event":"Server : constantine_agency","chan":"stdout","logger":"task"}
{"timestamp":"2025-06-01T13:49:38.441889Z","level":"info","event":"----------------------------------------------------------------------------------------","chan":"stdout","logger":"task"}
{"timestamp":"2025-06-01T13:49:38.439298","level":"info","event":"Secrets backends loaded for worker","count":1,"backend_classes":["EnvironmentVariablesBackend"],"logger":"supervisor"}
{"timestamp":"2025-06-01T13:49:38.450313Z","level":"info","event":"Cannot connect to constantine_agency","chan":"stdout","logger":"task"}
{"timestamp":"2025-06-01T13:49:38.450776Z","level":"info","event":"----------------------------------------------------------------------------------------","chan":"stdout","logger":"task"}
{"timestamp":"2025-06-01T13:49:38.451181Z","level":"info","event":"Server : skikda_agency","chan":"stdout","logger":"task"}
{"timestamp":"2025-06-01T13:49:38.454595Z","level":"info","event":"----------------------------------------------------------------------------------------","chan":"stdout","logger":"task"}
{"timestamp":"2025-06-01T13:49:38.450388","level":"info","event":"Secrets backends loaded for worker","count":1,"backend_classes":["EnvironmentVariablesBackend"],"logger":"supervisor"}
{"timestamp":"2025-06-01T13:49:38.463779Z","level":"info","event":"Cannot connect to skikda_agency","chan":"stdout","logger":"task"}
{"timestamp":"2025-06-01T13:49:38.468663Z","level":"info","event":"----------------------------------------------------------------------------------------","chan":"stdout","logger":"task"}
{"timestamp":"2025-06-01T13:49:38.464281","level":"info","event":"Done. Returned value was: None","logger":"airflow.task.operators.airflow.providers.standard.operators.python.PythonOperator"}
