{"timestamp":"2025-05-04T09:58:38.034100","level":"info","event":"DAG bundles loaded: dags-folder","logger":"airflow.dag_processing.bundles.manager.DagBundlesManager"}
{"timestamp":"2025-05-04T09:58:38.034689","level":"info","event":"Filling up the DagBag from /opt/airflow/dags/extractData.py","logger":"airflow.models.dagbag.DagBag"}
{"timestamp":"2025-05-04T09:58:38.051737","level":"info","event":"Done. Returned value was: None","logger":"airflow.task.operators.airflow.providers.standard.operators.python.PythonOperator"}
{"timestamp":"2025-05-04T09:58:38.631505Z","level":"info","event":"161|000001|MOHAMED                                           |HAMMOUDI                                          |22/05/1988|0|00719|N|1|1|012|16|001|BRAHIM MALIK                                      |PART                                              |HAMIDA                                            |1|                                                  |122|000000000000150000|3 RUE HASSANI ALGER                                                                                 |16|001|002|204638616           |012|APC ALGER                                                                                                                                                                                               |29/04/2029|                    |012002204638616           |11160010071922051988","chan":"stdout","logger":"task"}
{"timestamp":"2025-05-04T09:58:38.632867Z","level":"info","event":"","chan":"stdout","logger":"task"}
{"timestamp":"2025-05-04T09:58:38.633218Z","level":"info","event":"","chan":"stdout","logger":"task"}
{"timestamp":"2025-05-04T09:58:38.633772Z","level":"info","event":"","chan":"stdout","logger":"task"}
{"timestamp":"2025-05-04T09:58:38.634190Z","level":"info","event":"161|000003|FATIHA                                            |YOUCEFI                                           |13/03/1993|0|10980|N|2|1|012|35|001|ZOUBIR                                            |RACHIDA                                           |MATSKI                                            |1|                                                  |001|000000000000200000|35 RUE DE LA LUMIERE                              BOUMERDES                                         |16|001|002|23554135            |012|APC BOUMERDES                                                                                                                                                                                           |14/01/2025|                    |01200223554135            |12350011098013031993","chan":"stdout","logger":"task"}
{"timestamp":"2025-05-04T09:58:38.634532Z","level":"info","event":"","chan":"stdout","logger":"task"}
{"timestamp":"2025-05-04T09:58:38.635069Z","level":"info","event":"","chan":"stdout","logger":"task"}
{"timestamp":"2025-05-04T09:58:38.635354Z","level":"info","event":"","chan":"stdout","logger":"task"}
{"timestamp":"2025-05-04T09:58:38.635607Z","level":"info","event":"161|000004|AHMED                                             |ABDERRACHID                                       |16/08/1979|0|10980|N|1|1|012|30|004|SID AHMED                                         |BEDRI                                             |SAADIA                                            |2|                                                  |121|000000000000180000|12 RUE LIBERTE CENTRE VILLE                       HASSI MESSAOUD                                    |30|013|002|1655131             |012|APC HASSI MESSAOUD                                                                                                                                                                                      |21/01/2026|                    |0120021655131             |11300041098016081979","chan":"stdout","logger":"task"}
{"timestamp":"2025-05-04T09:58:38.636140Z","level":"info","event":"","chan":"stdout","logger":"task"}
{"timestamp":"2025-05-04T09:58:38.636461Z","level":"info","event":"","chan":"stdout","logger":"task"}
{"timestamp":"2025-05-04T09:58:38.636758Z","level":"info","event":"","chan":"stdout","logger":"task"}
{"timestamp":"2025-05-04T09:58:38.637097Z","level":"info","event":"161|000005|ASMA                                              |BEN SLAMNA                                        |26/03/1996|0|10980|N|2|1|012|12|004|BOUALEM                                           |SAIDA                                             |SLIMI                                             |1|                                                  |316|000000000000150000|16 CITE ENNOUR BT 05                              TEBESSA                                           |12|026|002|1                   |012|APC TEBESSA                                                                                                                                                                                             |12/07/2026|                    |0120021                   |12120041098026031996","chan":"stdout","logger":"task"}
{"timestamp":"2025-05-04T09:58:38.637527Z","level":"info","event":"","chan":"stdout","logger":"task"}
{"timestamp":"2025-05-04T09:58:38.637795Z","level":"info","event":"","chan":"stdout","logger":"task"}
{"timestamp":"2025-05-04T09:58:38.638032Z","level":"info","event":"","chan":"stdout","logger":"task"}
{"timestamp":"2025-05-04T09:58:38.638335Z","level":"info","event":"161|000006|KARIM                                             |SEBTI                                             |06/12/1970|0|10980|N|1|1|012|31|016|BOUDJEMAA                                         |ZOHRA                                             |BENDADA                                           |1|                                                  |711|000000000000150000|13 RUE DES OLIVIERS AIN TURK                      ORAN                                              |31|009|002|6133431             |012|APC AIN TURK                                                                                                                                                                                            |17/05/2029|                    |0120026133431             |11310161098006121970","chan":"stdout","logger":"task"}
{"timestamp":"2025-05-04T09:58:38.638784Z","level":"info","event":"","chan":"stdout","logger":"task"}
{"timestamp":"2025-05-04T09:58:38.639047Z","level":"info","event":"","chan":"stdout","logger":"task"}
{"timestamp":"2025-05-04T09:58:38.639266Z","level":"info","event":"","chan":"stdout","logger":"task"}
{"timestamp":"2025-05-04T09:58:38.639684Z","level":"info","event":"161|000010|HAMLAOUI                                          |INES                                              |22/05/1988|0|00719|N|2|1|012|16|001|REDA                                              |MAMA                                              |MAMA                                              |1|                                                  |121|000000000000250000|RUE HASSIBA BEN BOUALI                                                                              |16|013|002|111111              |012|ALGER                                                                                                                                                                                                   |14/01/2025|                    |012002111111              |12160010071922051988","chan":"stdout","logger":"task"}
{"timestamp":"2025-05-04T09:58:38.639942Z","level":"info","event":"","chan":"stdout","logger":"task"}
{"timestamp":"2025-05-04T09:58:38.640158Z","level":"info","event":"","chan":"stdout","logger":"task"}
{"timestamp":"2025-05-04T09:58:38.640503Z","level":"info","event":"","chan":"stdout","logger":"task"}
{"timestamp":"2025-05-04T09:58:38.640725Z","level":"info","event":"161|000030|NOUFEL                                            |SOULEYMANI                                        |09/09/1991|0|12864|N|1|1|012|25|001|ABDELKADER                                        |DJAMILA                                           |TAHRI                                             |1|                                                  |213|000000000000153000|25 RUE ABDELHAMID BEN BADIS                       NOUVELLE VILLE                                    |25|001|002|101513800           |012|CONSTANTINE                                                                                                                                                                                             |25/10/2026|                    |012002101513800           |11250011286409091991","chan":"stdout","logger":"task"}
{"timestamp":"2025-05-04T09:58:38.641001Z","level":"info","event":"","chan":"stdout","logger":"task"}
{"timestamp":"2025-05-04T09:58:38.641411Z","level":"info","event":"","chan":"stdout","logger":"task"}
{"timestamp":"2025-05-04T09:58:38.641641Z","level":"info","event":"","chan":"stdout","logger":"task"}
{"timestamp":"2025-05-04T09:58:38.641862Z","level":"info","event":"EOF","chan":"stdout","logger":"task"}
