{"timestamp":"2025-05-29T14:48:13.720956","level":"info","event":"DAG bundles loaded: dags-folder","logger":"airflow.dag_processing.bundles.manager.DagBundlesManager"}
{"timestamp":"2025-05-29T14:48:13.721558","level":"info","event":"Filling up the DagBag from /opt/airflow/dags/getFile.py","logger":"airflow.models.dagbag.DagBag"}
{"timestamp":"2025-05-29T14:48:13.875337","level":"info","event":"Secrets backends loaded for worker","count":1,"backend_classes":["EnvironmentVariablesBackend"],"logger":"supervisor"}
{"timestamp":"2025-05-29T14:48:14.003936","level":"info","event":"Connection Retrieved 'achour_agency'","logger":"airflow.hooks.base"}
{"timestamp":"2025-05-29T14:48:14.004190","level":"warning","event":"No Host Key Verification. This won't protect against Man-In-The-Middle attacks","logger":"airflow.task.hooks.airflow.providers.sftp.hooks.sftp.SFTPHook"}
{"timestamp":"2025-05-29T14:48:14.008748","level":"info","event":"Connected (version 1.99, client OpenSSH_3.7.1p2)","logger":"paramiko.transport"}
{"timestamp":"2025-05-29T14:48:14.184737","level":"info","event":"Authentication (password) successful!","logger":"paramiko.transport"}
{"timestamp":"2025-05-29T14:48:14.190727","level":"info","event":"[chan 0] Opened sftp connection (server version 3)","logger":"paramiko.transport.sftp"}
{"timestamp":"2025-05-29T14:48:14.197897","level":"info","event":"[chan 0] sftp session closed.","logger":"paramiko.transport.sftp"}
{"timestamp":"2025-05-29T14:48:14.198310","level":"warning","event":"No Host Key Verification. This won't protect against Man-In-The-Middle attacks","logger":"airflow.task.hooks.airflow.providers.sftp.hooks.sftp.SFTPHook"}
{"timestamp":"2025-05-29T14:48:14.198932Z","level":"info","event":"Fichiers sur le serveur : ['.io', '.mozilla', '.scoadmin.pref', '.ssh', 'CD-ROM_1', 'Disk_A', 'OpenServer', 'bck', 'bin', 'ccs', 'config', 'core.1011', 'dev', 'etc', 'export', 'home', 'home2', 'home21', 'home22', 'home23', 'home31', 'home32', 'install', 'installr', 'lbin', 'lib', 'lost+found', 'mnt', 'opt', 'pmd', 'print', 'proc', 'save', 'sbin', 'secret', 'share', 'shlib', 'stand', 'system', 'tmp', 'u95', 'unix', 'usr', 'var']","chan":"stdout","logger":"task"}
{"timestamp":"2025-05-29T14:48:14.201361","level":"info","event":"Connected (version 1.99, client OpenSSH_3.7.1p2)","logger":"paramiko.transport"}
{"timestamp":"2025-05-29T14:48:14.364921","level":"info","event":"Authentication (password) successful!","logger":"paramiko.transport"}
{"timestamp":"2025-05-29T14:48:14.369733","level":"info","event":"[chan 0] Opened sftp connection (server version 3)","logger":"paramiko.transport.sftp"}
{"timestamp":"2025-05-29T14:48:14.375626","level":"info","event":"[chan 0] sftp session closed.","logger":"paramiko.transport.sftp"}
{"timestamp":"2025-05-29T14:48:14.376150","level":"warning","event":"No Host Key Verification. This won't protect against Man-In-The-Middle attacks","logger":"airflow.task.hooks.airflow.providers.sftp.hooks.sftp.SFTPHook"}
{"timestamp":"2025-05-29T14:48:14.378744","level":"info","event":"Connected (version 1.99, client OpenSSH_3.7.1p2)","logger":"paramiko.transport"}
{"timestamp":"2025-05-29T14:48:14.540760","level":"info","event":"Authentication (password) successful!","logger":"paramiko.transport"}
{"timestamp":"2025-05-29T14:48:14.546055","level":"info","event":"[chan 0] Opened sftp connection (server version 3)","logger":"paramiko.transport.sftp"}
{"timestamp":"2025-05-29T14:48:14.756780","level":"info","event":"[chan 0] sftp session closed.","logger":"paramiko.transport.sftp"}
{"timestamp":"2025-05-29T14:48:14.757228","level":"warning","event":"No Host Key Verification. This won't protect against Man-In-The-Middle attacks","logger":"airflow.task.hooks.airflow.providers.sftp.hooks.sftp.SFTPHook"}
{"timestamp":"2025-05-29T14:48:14.759987","level":"info","event":"Connected (version 1.99, client OpenSSH_3.7.1p2)","logger":"paramiko.transport"}
{"timestamp":"2025-05-29T14:48:14.923240","level":"info","event":"Authentication (password) successful!","logger":"paramiko.transport"}
{"timestamp":"2025-05-29T14:48:14.928116","level":"info","event":"[chan 0] Opened sftp connection (server version 3)","logger":"paramiko.transport.sftp"}
{"timestamp":"2025-05-29T14:48:15.005057","level":"info","event":"[chan 0] sftp session closed.","logger":"paramiko.transport.sftp"}
{"timestamp":"2025-05-29T14:48:15.005718Z","level":"info","event":"File saved to /opt/airflow/dags/data/test","chan":"stdout","logger":"task"}
{"timestamp":"2025-05-29T14:48:15.005675","level":"info","event":"Secrets backends loaded for worker","count":1,"backend_classes":["EnvironmentVariablesBackend"],"logger":"supervisor"}
{"timestamp":"2025-05-29T14:48:15.057018","level":"error","event":"Task failed with exception","logger":"task","error_detail":[{"exc_type":"AirflowNotFoundException","exc_value":"The conn_id `oran_agency` isn't defined","exc_notes":[],"syntax_error":null,"is_cause":false,"frames":[{"filename":"/home/airflow/.local/lib/python3.12/site-packages/airflow/sdk/execution_time/task_runner.py","lineno":825,"name":"run"},{"filename":"/home/airflow/.local/lib/python3.12/site-packages/airflow/sdk/execution_time/task_runner.py","lineno":1088,"name":"_execute_task"},{"filename":"/home/airflow/.local/lib/python3.12/site-packages/airflow/sdk/bases/operator.py","lineno":408,"name":"wrapper"},{"filename":"/home/airflow/.local/lib/python3.12/site-packages/airflow/providers/standard/operators/python.py","lineno":212,"name":"execute"},{"filename":"/home/airflow/.local/lib/python3.12/site-packages/airflow/providers/standard/operators/python.py","lineno":235,"name":"execute_callable"},{"filename":"/home/airflow/.local/lib/python3.12/site-packages/airflow/sdk/execution_time/callback_runner.py","lineno":81,"name":"run"},{"filename":"/opt/airflow/dags/getFile.py","lineno":24,"name":"list_ftp_files"},{"filename":"/home/airflow/.local/lib/python3.12/site-packages/airflow/providers/sftp/hooks/sftp.py","lineno":119,"name":"__init__"},{"filename":"/home/airflow/.local/lib/python3.12/site-packages/airflow/providers/ssh/hooks/ssh.py","lineno":152,"name":"__init__"},{"filename":"/home/airflow/.local/lib/python3.12/site-packages/airflow/hooks/base.py","lineno":64,"name":"get_connection"},{"filename":"/home/airflow/.local/lib/python3.12/site-packages/airflow/models/connection.py","lineno":482,"name":"get_connection_from_secrets"}]},{"exc_type":"AirflowRuntimeError","exc_value":"CONNECTION_NOT_FOUND: {'conn_id': 'oran_agency'}","exc_notes":[],"syntax_error":null,"is_cause":false,"frames":[{"filename":"/home/airflow/.local/lib/python3.12/site-packages/airflow/models/connection.py","lineno":472,"name":"get_connection_from_secrets"},{"filename":"/home/airflow/.local/lib/python3.12/site-packages/airflow/sdk/definitions/connection.py","lineno":142,"name":"get"},{"filename":"/home/airflow/.local/lib/python3.12/site-packages/airflow/sdk/execution_time/context.py","lineno":161,"name":"_get_connection"}]}]}
