{"timestamp":"2025-06-01T13:51:03.216336","level":"info","event":"DAG bundles loaded: dags-folder","logger":"airflow.dag_processing.bundles.manager.DagBundlesManager"}
{"timestamp":"2025-06-01T13:51:03.216874","level":"info","event":"Filling up the DagBag from /opt/airflow/dags/getFile.py","logger":"airflow.models.dagbag.DagBag"}
{"timestamp":"2025-06-01T13:51:03.382145Z","level":"info","event":"File name:  1610106","chan":"stdout","logger":"task"}
{"timestamp":"2025-06-01T13:51:03.382578Z","level":"info","event":"----------------------------------------------------------------------------------------","chan":"stdout","logger":"task"}
{"timestamp":"2025-06-01T13:51:03.459374Z","level":"info","event":"Server : achour_agency","chan":"stdout","logger":"task"}
{"timestamp":"2025-06-01T13:51:03.459887Z","level":"info","event":"----------------------------------------------------------------------------------------","chan":"stdout","logger":"task"}
{"timestamp":"2025-06-01T13:51:03.387359","level":"info","event":"Secrets backends loaded for worker","count":1,"backend_classes":["EnvironmentVariablesBackend"],"logger":"supervisor"}
{"timestamp":"2025-06-01T13:51:03.459692","level":"info","event":"Connection Retrieved 'achour_agency'","logger":"airflow.hooks.base"}
{"timestamp":"2025-06-01T13:51:03.460031","level":"warning","event":"No Host Key Verification. This won't protect against Man-In-The-Middle attacks","logger":"airflow.task.hooks.airflow.providers.sftp.hooks.sftp.SFTPHook"}
{"timestamp":"2025-06-01T13:51:03.465332","level":"info","event":"Connected (version 1.99, client OpenSSH_3.7.1p2)","logger":"paramiko.transport"}
{"timestamp":"2025-06-01T13:51:03.630344","level":"info","event":"Authentication (password) successful!","logger":"paramiko.transport"}
{"timestamp":"2025-06-01T13:51:03.635054","level":"info","event":"[chan 0] Opened sftp connection (server version 3)","logger":"paramiko.transport.sftp"}
{"timestamp":"2025-06-01T13:51:03.641329","level":"info","event":"[chan 0] sftp session closed.","logger":"paramiko.transport.sftp"}
{"timestamp":"2025-06-01T13:51:03.641813","level":"warning","event":"No Host Key Verification. This won't protect against Man-In-The-Middle attacks","logger":"airflow.task.hooks.airflow.providers.sftp.hooks.sftp.SFTPHook"}
{"timestamp":"2025-06-01T13:51:03.644538","level":"info","event":"Connected (version 1.99, client OpenSSH_3.7.1p2)","logger":"paramiko.transport"}
{"timestamp":"2025-06-01T13:51:03.807378","level":"info","event":"Authentication (password) successful!","logger":"paramiko.transport"}
{"timestamp":"2025-06-01T13:51:03.812104","level":"info","event":"[chan 0] Opened sftp connection (server version 3)","logger":"paramiko.transport.sftp"}
{"timestamp":"2025-06-01T13:51:03.817136","level":"info","event":"[chan 0] sftp session closed.","logger":"paramiko.transport.sftp"}
{"timestamp":"2025-06-01T13:51:03.817476","level":"warning","event":"No Host Key Verification. This won't protect against Man-In-The-Middle attacks","logger":"airflow.task.hooks.airflow.providers.sftp.hooks.sftp.SFTPHook"}
{"timestamp":"2025-06-01T13:51:03.819917","level":"info","event":"Connected (version 1.99, client OpenSSH_3.7.1p2)","logger":"paramiko.transport"}
{"timestamp":"2025-06-01T13:51:03.989246","level":"info","event":"Authentication (password) successful!","logger":"paramiko.transport"}
{"timestamp":"2025-06-01T13:51:03.993786","level":"info","event":"[chan 0] Opened sftp connection (server version 3)","logger":"paramiko.transport.sftp"}
{"timestamp":"2025-06-01T13:51:04.203358","level":"info","event":"[chan 0] sftp session closed.","logger":"paramiko.transport.sftp"}
{"timestamp":"2025-06-01T13:51:04.203943","level":"info","event":"Secrets backends loaded for worker","count":1,"backend_classes":["EnvironmentVariablesBackend"],"logger":"supervisor"}
{"timestamp":"2025-06-01T13:51:04.204506Z","level":"info","event":"File not found.","chan":"stdout","logger":"task"}
{"timestamp":"2025-06-01T13:51:04.205317Z","level":"info","event":"----------------------------------------------------------------------------------------","chan":"stdout","logger":"task"}
{"timestamp":"2025-06-01T13:51:04.207150Z","level":"info","event":"Server : beb_ezzouar_agency","chan":"stdout","logger":"task"}
{"timestamp":"2025-06-01T13:51:04.207598Z","level":"info","event":"----------------------------------------------------------------------------------------","chan":"stdout","logger":"task"}
{"timestamp":"2025-06-01T13:51:04.216995Z","level":"info","event":"Cannot connect to beb_ezzouar_agency","chan":"stdout","logger":"task"}
{"timestamp":"2025-06-01T13:51:04.217416Z","level":"info","event":"----------------------------------------------------------------------------------------","chan":"stdout","logger":"task"}
{"timestamp":"2025-06-01T13:51:04.217783Z","level":"info","event":"Server : oran_agency","chan":"stdout","logger":"task"}
{"timestamp":"2025-06-01T13:51:04.218669Z","level":"info","event":"----------------------------------------------------------------------------------------","chan":"stdout","logger":"task"}
{"timestamp":"2025-06-01T13:51:04.217120","level":"info","event":"Secrets backends loaded for worker","count":1,"backend_classes":["EnvironmentVariablesBackend"],"logger":"supervisor"}
{"timestamp":"2025-06-01T13:51:04.227106Z","level":"info","event":"Cannot connect to oran_agency","chan":"stdout","logger":"task"}
{"timestamp":"2025-06-01T13:51:04.227440Z","level":"info","event":"----------------------------------------------------------------------------------------","chan":"stdout","logger":"task"}
{"timestamp":"2025-06-01T13:51:04.227816Z","level":"info","event":"Server : setif_agency","chan":"stdout","logger":"task"}
{"timestamp":"2025-06-01T13:51:04.228773Z","level":"info","event":"----------------------------------------------------------------------------------------","chan":"stdout","logger":"task"}
{"timestamp":"2025-06-01T13:51:04.227250","level":"info","event":"Secrets backends loaded for worker","count":1,"backend_classes":["EnvironmentVariablesBackend"],"logger":"supervisor"}
{"timestamp":"2025-06-01T13:51:04.237559Z","level":"info","event":"Cannot connect to setif_agency","chan":"stdout","logger":"task"}
{"timestamp":"2025-06-01T13:51:04.237942Z","level":"info","event":"----------------------------------------------------------------------------------------","chan":"stdout","logger":"task"}
{"timestamp":"2025-06-01T13:51:04.238255Z","level":"info","event":"Server : constantine_agency","chan":"stdout","logger":"task"}
{"timestamp":"2025-06-01T13:51:04.238522Z","level":"info","event":"----------------------------------------------------------------------------------------","chan":"stdout","logger":"task"}
{"timestamp":"2025-06-01T13:51:04.237680","level":"info","event":"Secrets backends loaded for worker","count":1,"backend_classes":["EnvironmentVariablesBackend"],"logger":"supervisor"}
{"timestamp":"2025-06-01T13:51:04.246505Z","level":"info","event":"Cannot connect to constantine_agency","chan":"stdout","logger":"task"}
{"timestamp":"2025-06-01T13:51:04.246975Z","level":"info","event":"----------------------------------------------------------------------------------------","chan":"stdout","logger":"task"}
{"timestamp":"2025-06-01T13:51:04.247336Z","level":"info","event":"Server : skikda_agency","chan":"stdout","logger":"task"}
{"timestamp":"2025-06-01T13:51:04.249104Z","level":"info","event":"----------------------------------------------------------------------------------------","chan":"stdout","logger":"task"}
{"timestamp":"2025-06-01T13:51:04.246644","level":"info","event":"Secrets backends loaded for worker","count":1,"backend_classes":["EnvironmentVariablesBackend"],"logger":"supervisor"}
{"timestamp":"2025-06-01T13:51:04.256927Z","level":"info","event":"Cannot connect to skikda_agency","chan":"stdout","logger":"task"}
{"timestamp":"2025-06-01T13:51:04.257442Z","level":"info","event":"----------------------------------------------------------------------------------------","chan":"stdout","logger":"task"}
{"timestamp":"2025-06-01T13:51:04.257465","level":"info","event":"Done. Returned value was: None","logger":"airflow.task.operators.airflow.providers.standard.operators.python.PythonOperator"}
