{"timestamp":"2025-05-04T14:46:04.698923","level":"info","event":"DAG bundles loaded: dags-folder","logger":"airflow.dag_processing.bundles.manager.DagBundlesManager"}
{"timestamp":"2025-05-04T14:46:04.699428","level":"info","event":"Filling up the DagBag from /opt/airflow/dags/extractData.py","logger":"airflow.models.dagbag.DagBag"}
{"timestamp":"2025-05-04T14:46:04.742971","level":"info","event":"Secrets backends loaded for worker","count":1,"backend_classes":["EnvironmentVariablesBackend"],"logger":"supervisor"}
{"timestamp":"2025-05-04T14:46:04.840142","level":"info","event":"Connection Retrieved 'sqlserver'","logger":"airflow.hooks.base"}
{"timestamp":"2025-05-04T14:46:05.116809Z","level":"info","event":"⚠️ Ligne ignorée : nombre de colonnes incorrect : 1","chan":"stdout","logger":"task"}
{"timestamp":"2025-05-04T14:46:05.121397Z","level":"info","event":"1 record inserted.","chan":"stdout","logger":"task"}
{"timestamp":"2025-05-04T14:46:05.123322Z","level":"info","event":"⚠️ Ligne ignorée : nombre de colonnes incorrect : 1","chan":"stdout","logger":"task"}
{"timestamp":"2025-05-04T14:46:05.126684Z","level":"info","event":"1 record inserted.","chan":"stdout","logger":"task"}
{"timestamp":"2025-05-04T14:46:05.127880Z","level":"info","event":"⚠️ Ligne ignorée : nombre de colonnes incorrect : 1","chan":"stdout","logger":"task"}
{"timestamp":"2025-05-04T14:46:05.134619Z","level":"info","event":"1 record inserted.","chan":"stdout","logger":"task"}
{"timestamp":"2025-05-04T14:46:05.136170Z","level":"info","event":"⚠️ Ligne ignorée : nombre de colonnes incorrect : 1","chan":"stdout","logger":"task"}
{"timestamp":"2025-05-04T14:46:05.146654Z","level":"info","event":"1 record inserted.","chan":"stdout","logger":"task"}
{"timestamp":"2025-05-04T14:46:05.152890Z","level":"info","event":"⚠️ Ligne ignorée : nombre de colonnes incorrect : 1","chan":"stdout","logger":"task"}
{"timestamp":"2025-05-04T14:46:05.165914Z","level":"info","event":"1 record inserted.","chan":"stdout","logger":"task"}
{"timestamp":"2025-05-04T14:46:05.168928Z","level":"info","event":"⚠️ Ligne ignorée : nombre de colonnes incorrect : 1","chan":"stdout","logger":"task"}
{"timestamp":"2025-05-04T14:46:05.175062Z","level":"info","event":"1 record inserted.","chan":"stdout","logger":"task"}
{"timestamp":"2025-05-04T14:46:05.177003Z","level":"info","event":"⚠️ Ligne ignorée : nombre de colonnes incorrect : 1","chan":"stdout","logger":"task"}
{"timestamp":"2025-05-04T14:46:05.177553Z","level":"info","event":"⚠️ Ligne ignorée : nombre de colonnes incorrect : 1","chan":"stdout","logger":"task"}
{"timestamp":"2025-05-04T14:46:05.178125Z","level":"info","event":"⚠️ Ligne ignorée : nombre de colonnes incorrect : 1","chan":"stdout","logger":"task"}
{"timestamp":"2025-05-04T14:46:05.179311","level":"info","event":"Done. Returned value was: None","logger":"airflow.task.operators.airflow.providers.standard.operators.python.PythonOperator"}
