{"timestamp":"2025-05-04T10:23:14.425008","level":"info","event":"DAG bundles loaded: dags-folder","logger":"airflow.dag_processing.bundles.manager.DagBundlesManager"}
{"timestamp":"2025-05-04T10:23:14.425533","level":"info","event":"Filling up the DagBag from /opt/airflow/dags/extractData.py","logger":"airflow.models.dagbag.DagBag"}
{"timestamp":"2025-05-04T10:23:14.445165","level":"info","event":"Done. Returned value was: None","logger":"airflow.task.operators.airflow.providers.standard.operators.python.PythonOperator"}
{"timestamp":"2025-05-04T10:23:14.592062Z","level":"info","event":"","chan":"stdout","logger":"task"}
{"timestamp":"2025-05-04T10:23:14.592946Z","level":"info","event":"","chan":"stdout","logger":"task"}
{"timestamp":"2025-05-04T10:23:14.593359Z","level":"info","event":"161","chan":"stdout","logger":"task"}
{"timestamp":"2025-05-04T10:23:14.593928Z","level":"info","event":"","chan":"stdout","logger":"task"}
{"timestamp":"2025-05-04T10:23:14.594369Z","level":"info","event":"","chan":"stdout","logger":"task"}
{"timestamp":"2025-05-04T10:23:14.595200Z","level":"info","event":"161","chan":"stdout","logger":"task"}
{"timestamp":"2025-05-04T10:23:14.595612Z","level":"info","event":"","chan":"stdout","logger":"task"}
{"timestamp":"2025-05-04T10:23:14.595977Z","level":"info","event":"","chan":"stdout","logger":"task"}
{"timestamp":"2025-05-04T10:23:14.596347Z","level":"info","event":"161","chan":"stdout","logger":"task"}
{"timestamp":"2025-05-04T10:23:14.596733Z","level":"info","event":"","chan":"stdout","logger":"task"}
{"timestamp":"2025-05-04T10:23:14.597121Z","level":"info","event":"","chan":"stdout","logger":"task"}
{"timestamp":"2025-05-04T10:23:14.597474Z","level":"info","event":"161","chan":"stdout","logger":"task"}
{"timestamp":"2025-05-04T10:23:14.597877Z","level":"info","event":"","chan":"stdout","logger":"task"}
{"timestamp":"2025-05-04T10:23:14.598223Z","level":"info","event":"","chan":"stdout","logger":"task"}
{"timestamp":"2025-05-04T10:23:14.598567Z","level":"info","event":"161","chan":"stdout","logger":"task"}
{"timestamp":"2025-05-04T10:23:14.598919Z","level":"info","event":"","chan":"stdout","logger":"task"}
{"timestamp":"2025-05-04T10:23:14.599199Z","level":"info","event":"","chan":"stdout","logger":"task"}
{"timestamp":"2025-05-04T10:23:14.599903Z","level":"info","event":"161","chan":"stdout","logger":"task"}
{"timestamp":"2025-05-04T10:23:14.600369Z","level":"info","event":"","chan":"stdout","logger":"task"}
{"timestamp":"2025-05-04T10:23:14.601906Z","level":"info","event":"","chan":"stdout","logger":"task"}
{"timestamp":"2025-05-04T10:23:14.602281Z","level":"info","event":"EOF","chan":"stdout","logger":"task"}
{"timestamp":"2025-05-04T10:23:14.602618Z","level":"info","event":"","chan":"stdout","logger":"task"}
