{"timestamp":"2025-06-01T13:44:29.484431","level":"info","event":"DAG bundles loaded: dags-folder","logger":"airflow.dag_processing.bundles.manager.DagBundlesManager"}
{"timestamp":"2025-06-01T13:44:29.485039","level":"info","event":"Filling up the DagBag from /opt/airflow/dags/getFile.py","logger":"airflow.models.dagbag.DagBag"}
{"timestamp":"2025-06-01T13:44:29.662386Z","level":"info","event":"File name:  1610106","chan":"stdout","logger":"task"}
{"timestamp":"2025-06-01T13:44:29.662830Z","level":"info","event":"----------------------------------------------------------------------------------------","chan":"stdout","logger":"task"}
{"timestamp":"2025-06-01T13:44:29.859272Z","level":"info","event":"Server : achour_agency","chan":"stdout","logger":"task"}
{"timestamp":"2025-06-01T13:44:29.859707Z","level":"info","event":"----------------------------------------------------------------------------------------","chan":"stdout","logger":"task"}
{"timestamp":"2025-06-01T13:44:29.668266","level":"info","event":"Secrets backends loaded for worker","count":1,"backend_classes":["EnvironmentVariablesBackend"],"logger":"supervisor"}
{"timestamp":"2025-06-01T13:44:29.859525","level":"info","event":"Connection Retrieved 'achour_agency'","logger":"airflow.hooks.base"}
{"timestamp":"2025-06-01T13:44:29.859782","level":"warning","event":"No Host Key Verification. This won't protect against Man-In-The-Middle attacks","logger":"airflow.task.hooks.airflow.providers.sftp.hooks.sftp.SFTPHook"}
{"timestamp":"2025-06-01T13:44:29.863891","level":"info","event":"Connected (version 1.99, client OpenSSH_3.7.1p2)","logger":"paramiko.transport"}
{"timestamp":"2025-06-01T13:44:30.040267","level":"info","event":"Authentication (password) successful!","logger":"paramiko.transport"}
{"timestamp":"2025-06-01T13:44:30.045386","level":"info","event":"[chan 0] Opened sftp connection (server version 3)","logger":"paramiko.transport.sftp"}
{"timestamp":"2025-06-01T13:44:30.052569","level":"info","event":"[chan 0] sftp session closed.","logger":"paramiko.transport.sftp"}
{"timestamp":"2025-06-01T13:44:30.053132","level":"warning","event":"No Host Key Verification. This won't protect against Man-In-The-Middle attacks","logger":"airflow.task.hooks.airflow.providers.sftp.hooks.sftp.SFTPHook"}
{"timestamp":"2025-06-01T13:44:30.055874","level":"info","event":"Connected (version 1.99, client OpenSSH_3.7.1p2)","logger":"paramiko.transport"}
{"timestamp":"2025-06-01T13:44:30.239180","level":"info","event":"Authentication (password) successful!","logger":"paramiko.transport"}
{"timestamp":"2025-06-01T13:44:30.244278","level":"info","event":"[chan 0] Opened sftp connection (server version 3)","logger":"paramiko.transport.sftp"}
{"timestamp":"2025-06-01T13:44:30.250644","level":"info","event":"[chan 0] sftp session closed.","logger":"paramiko.transport.sftp"}
{"timestamp":"2025-06-01T13:44:30.251262","level":"warning","event":"No Host Key Verification. This won't protect against Man-In-The-Middle attacks","logger":"airflow.task.hooks.airflow.providers.sftp.hooks.sftp.SFTPHook"}
{"timestamp":"2025-06-01T13:44:30.254001","level":"info","event":"Connected (version 1.99, client OpenSSH_3.7.1p2)","logger":"paramiko.transport"}
{"timestamp":"2025-06-01T13:44:30.422623","level":"info","event":"Authentication (password) successful!","logger":"paramiko.transport"}
{"timestamp":"2025-06-01T13:44:30.427465","level":"info","event":"[chan 0] Opened sftp connection (server version 3)","logger":"paramiko.transport.sftp"}
{"timestamp":"2025-06-01T13:44:30.657125","level":"info","event":"[chan 0] sftp session closed.","logger":"paramiko.transport.sftp"}
{"timestamp":"2025-06-01T13:44:30.657916Z","level":"info","event":"File not found 1612905SCL","chan":"stdout","logger":"task"}
{"timestamp":"2025-06-01T13:44:30.658258Z","level":"info","event":"----------------------------------------------------------------------------------------","chan":"stdout","logger":"task"}
{"timestamp":"2025-06-01T13:44:30.661066Z","level":"info","event":"Server : beb_ezzouar_agency","chan":"stdout","logger":"task"}
{"timestamp":"2025-06-01T13:44:30.661570Z","level":"info","event":"----------------------------------------------------------------------------------------","chan":"stdout","logger":"task"}
{"timestamp":"2025-06-01T13:44:30.657841","level":"info","event":"Secrets backends loaded for worker","count":1,"backend_classes":["EnvironmentVariablesBackend"],"logger":"supervisor"}
{"timestamp":"2025-06-01T13:44:30.675689Z","level":"info","event":"Cannot connect to beb_ezzouar_agency","chan":"stdout","logger":"task"}
{"timestamp":"2025-06-01T13:44:30.676113Z","level":"info","event":"----------------------------------------------------------------------------------------","chan":"stdout","logger":"task"}
{"timestamp":"2025-06-01T13:44:30.676498Z","level":"info","event":"Server : oran_agency","chan":"stdout","logger":"task"}
{"timestamp":"2025-06-01T13:44:30.677306Z","level":"info","event":"----------------------------------------------------------------------------------------","chan":"stdout","logger":"task"}
{"timestamp":"2025-06-01T13:44:30.675759","level":"info","event":"Secrets backends loaded for worker","count":1,"backend_classes":["EnvironmentVariablesBackend"],"logger":"supervisor"}
{"timestamp":"2025-06-01T13:44:30.690627Z","level":"info","event":"Cannot connect to oran_agency","chan":"stdout","logger":"task"}
{"timestamp":"2025-06-01T13:44:30.691053Z","level":"info","event":"----------------------------------------------------------------------------------------","chan":"stdout","logger":"task"}
{"timestamp":"2025-06-01T13:44:30.691361Z","level":"info","event":"Server : setif_agency","chan":"stdout","logger":"task"}
{"timestamp":"2025-06-01T13:44:30.691638Z","level":"info","event":"----------------------------------------------------------------------------------------","chan":"stdout","logger":"task"}
{"timestamp":"2025-06-01T13:44:30.690689","level":"info","event":"Secrets backends loaded for worker","count":1,"backend_classes":["EnvironmentVariablesBackend"],"logger":"supervisor"}
{"timestamp":"2025-06-01T13:44:30.719580Z","level":"info","event":"Cannot connect to setif_agency","chan":"stdout","logger":"task"}
{"timestamp":"2025-06-01T13:44:30.719978Z","level":"info","event":"----------------------------------------------------------------------------------------","chan":"stdout","logger":"task"}
{"timestamp":"2025-06-01T13:44:30.720280Z","level":"info","event":"Server : constantine_agency","chan":"stdout","logger":"task"}
{"timestamp":"2025-06-01T13:44:30.720559Z","level":"info","event":"----------------------------------------------------------------------------------------","chan":"stdout","logger":"task"}
{"timestamp":"2025-06-01T13:44:30.719689","level":"info","event":"Secrets backends loaded for worker","count":1,"backend_classes":["EnvironmentVariablesBackend"],"logger":"supervisor"}
{"timestamp":"2025-06-01T13:44:30.809289Z","level":"info","event":"Cannot connect to constantine_agency","chan":"stdout","logger":"task"}
{"timestamp":"2025-06-01T13:44:30.809602Z","level":"info","event":"----------------------------------------------------------------------------------------","chan":"stdout","logger":"task"}
{"timestamp":"2025-06-01T13:44:30.809942Z","level":"info","event":"Server : skikda_agency","chan":"stdout","logger":"task"}
{"timestamp":"2025-06-01T13:44:30.810493Z","level":"info","event":"----------------------------------------------------------------------------------------","chan":"stdout","logger":"task"}
{"timestamp":"2025-06-01T13:44:30.809416","level":"info","event":"Secrets backends loaded for worker","count":1,"backend_classes":["EnvironmentVariablesBackend"],"logger":"supervisor"}
{"timestamp":"2025-06-01T13:44:30.817625Z","level":"info","event":"Cannot connect to skikda_agency","chan":"stdout","logger":"task"}
{"timestamp":"2025-06-01T13:44:30.818061Z","level":"info","event":"----------------------------------------------------------------------------------------","chan":"stdout","logger":"task"}
{"timestamp":"2025-06-01T13:44:30.818214","level":"info","event":"Done. Returned value was: None","logger":"airflow.task.operators.airflow.providers.standard.operators.python.PythonOperator"}
